<?xml version="1.0" encoding="UTF-8"?>
<testng-results ignored="0" total="1" passed="1" failed="0" skipped="0">
  <reporter-output>
  </reporter-output>
  <suite started-at="2024-09-22T23:25:44 IST" name="Default suite" finished-at="2024-09-22T23:26:19 IST" duration-ms="34980">
    <groups>
      <group name="cucumber">
        <method signature="AbstractTestNGCucumberTests.runScenario(io.cucumber.testng.PickleWrapper,io.cucumber.testng.FeatureWrapper)[pri:0, instance:runner.Runner@65f8f5ae]" name="runScenario" class="io.cucumber.testng.AbstractTestNGCucumberTests"/>
      </group> <!-- cucumber -->
    </groups>
    <test started-at="2024-09-22T23:25:44 IST" name="Default test" finished-at="2024-09-22T23:26:19 IST" duration-ms="34980">
      <class name="runner.Runner">
        <test-method is-config="true" signature="setUpClass(org.testng.ITestContext)[pri:0, instance:runner.Runner@65f8f5ae]" started-at="2024-09-22T23:25:44 IST" name="setUpClass" finished-at="2024-09-22T23:25:45 IST" duration-ms="1341" status="PASS">
          <params>
            <param index="0">
              <value>
                <![CDATA[org.testng.TestRunner@4300e240]]>
              </value>
            </param>
          </params>
          <reporter-output>
          </reporter-output>
        </test-method> <!-- setUpClass -->
        <test-method signature="runScenario(io.cucumber.testng.PickleWrapper,io.cucumber.testng.FeatureWrapper)[pri:0, instance:runner.Runner@65f8f5ae]" started-at="2024-09-22T23:25:45 IST" name="runScenario" description="Runs Cucumber Scenarios" data-provider="scenarios" finished-at="2024-09-22T23:26:17 IST" duration-ms="31909" status="PASS">
          <params>
            <param index="0">
              <value>
                <![CDATA["User should get loginned successfully"]]>
              </value>
            </param>
            <param index="1">
              <value>
                <![CDATA["To verify login functionality"]]>
              </value>
            </param>
          </params>
          <reporter-output>
          </reporter-output>
        </test-method> <!-- runScenario -->
        <test-method is-config="true" signature="tearDownClass()[pri:0, instance:runner.Runner@65f8f5ae]" started-at="2024-09-22T23:26:17 IST" name="tearDownClass" finished-at="2024-09-22T23:26:19 IST" duration-ms="1626" status="PASS">
          <reporter-output>
          </reporter-output>
        </test-method> <!-- tearDownClass -->
      </class> <!-- runner.Runner -->
    </test> <!-- Default test -->
  </suite> <!-- Default suite -->
</testng-results>
